2021-04-13 08:32:25,455 Start SimCLR training for 200 epochs.
2021-04-13 08:32:25,456 Training with gpu: False.
2021-04-13 08:34:44,164 Start SimCLR training for 200 epochs.
2021-04-13 08:34:44,165 Training with gpu: False.
2021-04-13 08:56:42,158 Start SimCLR training for 200 epochs.
2021-04-13 08:56:42,159 Training with gpu: False.
2021-04-13 09:18:43,759 Start SimCLR training for 200 epochs.
2021-04-13 09:18:43,760 Training with gpu: False.
2021-04-13 09:49:23,008 Epoch: 0	Loss: 3.753577947616577	Top1 accuracy: 27.34375
2021-04-13 09:49:25,633 Model checkpoint and metadata has been saved at runs/Apr13_09-18-19_rahulahuja-U2099.
2021-04-13 10:22:10,590 Epoch: 1	Loss: 3.0322396755218506	Top1 accuracy: 44.140625
2021-04-13 10:56:41,105 Epoch: 2	Loss: 2.35249662399292	Top1 accuracy: 50.5859375
2021-04-13 11:33:34,364 Epoch: 3	Loss: 2.1840033531188965	Top1 accuracy: 65.625
2021-04-13 12:08:20,168 Epoch: 4	Loss: 1.982379674911499	Top1 accuracy: 62.3046875
2021-04-13 12:44:40,134 Epoch: 5	Loss: 1.583670973777771	Top1 accuracy: 69.7265625
2021-04-13 13:23:33,054 Epoch: 6	Loss: 1.60888671875	Top1 accuracy: 70.5078125
2021-04-13 14:02:34,418 Epoch: 7	Loss: 1.4589794874191284	Top1 accuracy: 65.234375
2021-04-13 14:41:59,836 Epoch: 8	Loss: 1.2967954874038696	Top1 accuracy: 75.78125
2021-04-13 15:20:24,931 Epoch: 9	Loss: 1.1800960302352905	Top1 accuracy: 77.34375
2021-04-13 15:20:32,726 Model checkpoint and metadata has been saved at runs/Apr13_09-18-19_rahulahuja-U2099.
2021-04-13 15:57:14,823 Epoch: 10	Loss: 1.2561595439910889	Top1 accuracy: 73.6328125
2021-04-16 18:43:08,657 Start SimCLR training for 200 epochs.
2021-04-16 18:43:08,658 Training with gpu: False.
2021-04-16 18:46:17,528 Start SimCLR training for 200 epochs.
2021-04-16 18:46:17,529 Training with gpu: False.
2021-04-16 18:54:55,855 Start SimCLR training for 200 epochs.
2021-04-16 18:54:55,856 Training with gpu: False.
2021-04-16 18:58:57,197 Start SimCLR training for 200 epochs.
2021-04-16 18:58:57,197 Training with gpu: False.
2021-04-16 19:00:57,563 Start SimCLR training for 200 epochs.
2021-04-16 19:00:57,564 Training with gpu: False.
2021-04-16 19:33:10,550 Epoch: 0	Loss: 4.764782905578613	Top1 accuracy: 15.13671875
2021-04-16 19:33:12,691 Model checkpoint and metadata has been saved at runs/Apr16_19-00-37_rahulahuja-U2099.
2021-04-16 19:53:50,458 Epoch: 1	Loss: 3.461710214614868	Top1 accuracy: 39.35546875
2021-04-16 20:11:32,041 Epoch: 2	Loss: 2.6295578479766846	Top1 accuracy: 46.484375
2021-04-16 20:27:46,475 Epoch: 3	Loss: 2.497274398803711	Top1 accuracy: 56.54296875
2021-04-16 20:43:27,375 Epoch: 4	Loss: 2.077685832977295	Top1 accuracy: 60.7421875
2021-04-16 20:58:45,101 Epoch: 5	Loss: 1.9311078786849976	Top1 accuracy: 65.91796875
2021-04-16 21:14:22,641 Epoch: 6	Loss: 1.7868419885635376	Top1 accuracy: 64.55078125
2021-04-16 21:29:37,480 Epoch: 7	Loss: 1.6577469110488892	Top1 accuracy: 68.65234375
2021-04-16 21:44:52,643 Epoch: 8	Loss: 1.7011843919754028	Top1 accuracy: 70.60546875
2021-04-16 22:00:18,900 Epoch: 9	Loss: 1.527732014656067	Top1 accuracy: 68.9453125
2021-04-16 22:00:20,918 Model checkpoint and metadata has been saved at runs/Apr16_19-00-37_rahulahuja-U2099.
2021-04-16 22:15:27,948 Epoch: 10	Loss: 1.4212563037872314	Top1 accuracy: 74.12109375
2021-04-16 22:30:34,423 Epoch: 11	Loss: 1.3980633020401	Top1 accuracy: 81.4453125
2021-04-16 22:45:45,158 Epoch: 12	Loss: 1.4298852682113647	Top1 accuracy: 76.3671875
2021-04-16 23:00:56,559 Epoch: 13	Loss: 1.3202478885650635	Top1 accuracy: 78.7109375
2021-04-16 23:16:00,652 Epoch: 14	Loss: 1.3867555856704712	Top1 accuracy: 77.9296875
2021-04-16 23:30:48,271 Epoch: 15	Loss: 1.0935323238372803	Top1 accuracy: 81.8359375
2021-04-16 23:45:41,318 Epoch: 16	Loss: 1.1043503284454346	Top1 accuracy: 82.03125
2021-04-17 00:00:47,653 Epoch: 17	Loss: 1.1207104921340942	Top1 accuracy: 82.71484375
2021-04-17 00:16:51,523 Epoch: 18	Loss: 1.148996114730835	Top1 accuracy: 81.73828125
2021-04-17 00:16:53,336 Model checkpoint and metadata has been saved at runs/Apr16_19-00-37_rahulahuja-U2099.
2021-04-17 00:32:57,467 Epoch: 19	Loss: 1.1729234457015991	Top1 accuracy: 82.51953125
2021-04-17 00:48:08,066 Epoch: 20	Loss: 1.1313592195510864	Top1 accuracy: 80.95703125
2021-04-17 01:02:59,889 Epoch: 21	Loss: 1.0517127513885498	Top1 accuracy: 84.375
2021-04-17 01:17:47,997 Epoch: 22	Loss: 1.0010643005371094	Top1 accuracy: 84.375
2021-04-17 01:32:23,578 Epoch: 23	Loss: 1.1075291633605957	Top1 accuracy: 83.30078125
2021-04-17 01:47:06,163 Epoch: 24	Loss: 0.9722728729248047	Top1 accuracy: 83.59375
2021-04-17 02:02:02,896 Epoch: 25	Loss: 1.0528361797332764	Top1 accuracy: 83.3984375
2021-04-17 02:16:38,342 Epoch: 26	Loss: 0.9505225419998169	Top1 accuracy: 84.765625
2021-04-17 02:30:58,660 Epoch: 27	Loss: 1.0067580938339233	Top1 accuracy: 82.6171875
2021-04-17 02:31:00,845 Model checkpoint and metadata has been saved at runs/Apr16_19-00-37_rahulahuja-U2099.
2021-04-17 02:45:29,923 Epoch: 28	Loss: 1.0086020231246948	Top1 accuracy: 83.984375
2021-04-17 02:59:58,279 Epoch: 29	Loss: 1.0010017156600952	Top1 accuracy: 82.12890625
2021-04-17 03:15:11,336 Epoch: 30	Loss: 0.926620364189148	Top1 accuracy: 87.79296875
2021-04-17 03:30:17,009 Epoch: 31	Loss: 0.9783555865287781	Top1 accuracy: 85.64453125
2021-04-17 03:45:21,621 Epoch: 32	Loss: 0.8374673128128052	Top1 accuracy: 83.203125
2021-04-17 04:00:09,559 Epoch: 33	Loss: 0.9151931405067444	Top1 accuracy: 86.1328125
2021-04-17 04:15:09,521 Epoch: 34	Loss: 0.7507485747337341	Top1 accuracy: 87.59765625
2021-04-17 04:30:22,865 Epoch: 35	Loss: 0.8851927518844604	Top1 accuracy: 83.7890625
2021-04-17 04:45:39,427 Epoch: 36	Loss: 0.9689707159996033	Top1 accuracy: 87.6953125
2021-04-17 04:45:41,137 Model checkpoint and metadata has been saved at runs/Apr16_19-00-37_rahulahuja-U2099.
2021-04-17 05:00:57,563 Epoch: 37	Loss: 0.9987943768501282	Top1 accuracy: 88.0859375
2021-04-17 05:16:09,851 Epoch: 38	Loss: 0.8822381496429443	Top1 accuracy: 87.109375
2021-04-17 05:30:53,963 Epoch: 39	Loss: 0.8997094035148621	Top1 accuracy: 85.83984375
2021-04-17 05:45:25,956 Epoch: 40	Loss: 0.9568996429443359	Top1 accuracy: 85.9375
2021-04-17 06:00:04,040 Epoch: 41	Loss: 0.8489929437637329	Top1 accuracy: 87.890625
2021-04-17 06:15:20,342 Epoch: 42	Loss: 0.9442297220230103	Top1 accuracy: 87.98828125
2021-04-17 06:30:37,903 Epoch: 43	Loss: 0.7471957206726074	Top1 accuracy: 86.62109375
2021-04-17 06:45:52,120 Epoch: 44	Loss: 0.9332821369171143	Top1 accuracy: 85.3515625
2021-04-17 07:01:10,849 Epoch: 45	Loss: 0.8820821642875671	Top1 accuracy: 88.18359375
2021-04-17 07:01:12,382 Model checkpoint and metadata has been saved at runs/Apr16_19-00-37_rahulahuja-U2099.
2021-04-17 07:16:37,182 Epoch: 46	Loss: 0.916707456111908	Top1 accuracy: 90.13671875
2021-04-17 07:31:45,774 Epoch: 47	Loss: 0.7827633619308472	Top1 accuracy: 88.37890625
2021-04-17 07:47:11,696 Epoch: 48	Loss: 1.0309888124465942	Top1 accuracy: 89.16015625
2021-04-17 08:03:04,122 Epoch: 49	Loss: 0.8958355188369751	Top1 accuracy: 87.40234375
2021-04-17 08:18:44,268 Epoch: 50	Loss: 0.8538577556610107	Top1 accuracy: 90.4296875
2021-04-17 08:34:11,984 Epoch: 51	Loss: 0.8270040154457092	Top1 accuracy: 89.94140625
2021-04-17 08:49:34,147 Epoch: 52	Loss: 0.7551501393318176	Top1 accuracy: 88.4765625
2021-04-17 09:05:33,680 Epoch: 53	Loss: 0.8484324812889099	Top1 accuracy: 88.76953125
2021-04-17 09:20:56,972 Epoch: 54	Loss: 0.7124003767967224	Top1 accuracy: 87.3046875
2021-04-17 09:20:58,462 Model checkpoint and metadata has been saved at runs/Apr16_19-00-37_rahulahuja-U2099.
2021-04-17 09:36:27,320 Epoch: 55	Loss: 0.698808491230011	Top1 accuracy: 89.16015625
2021-04-17 09:51:57,687 Epoch: 56	Loss: 0.7835558652877808	Top1 accuracy: 88.18359375
2021-04-17 10:07:37,765 Epoch: 57	Loss: 0.7243111729621887	Top1 accuracy: 85.15625
2021-04-17 10:23:11,916 Epoch: 58	Loss: 0.6980920433998108	Top1 accuracy: 88.4765625
2021-04-17 10:38:40,398 Epoch: 59	Loss: 0.7487831115722656	Top1 accuracy: 88.37890625
2021-04-17 10:54:10,866 Epoch: 60	Loss: 0.7342790365219116	Top1 accuracy: 87.3046875
2021-04-17 11:09:36,711 Epoch: 61	Loss: 0.737173855304718	Top1 accuracy: 87.6953125
2021-04-17 11:24:46,628 Epoch: 62	Loss: 0.8323382139205933	Top1 accuracy: 88.96484375
2021-04-17 11:39:56,117 Epoch: 63	Loss: 0.7124492526054382	Top1 accuracy: 87.890625
2021-04-17 11:39:57,651 Model checkpoint and metadata has been saved at runs/Apr16_19-00-37_rahulahuja-U2099.
2021-04-17 11:54:59,610 Epoch: 64	Loss: 0.8332449793815613	Top1 accuracy: 85.546875
2021-04-17 12:10:51,207 Epoch: 65	Loss: 0.781902551651001	Top1 accuracy: 90.52734375
2021-04-17 12:26:42,410 Epoch: 66	Loss: 0.7295846939086914	Top1 accuracy: 87.5
2021-04-17 12:42:28,111 Epoch: 67	Loss: 0.7789994478225708	Top1 accuracy: 88.37890625
2021-04-17 12:57:30,061 Epoch: 68	Loss: 0.7460640668869019	Top1 accuracy: 89.453125
2021-04-17 13:13:09,951 Epoch: 69	Loss: 0.6634227633476257	Top1 accuracy: 87.109375
2021-04-17 13:28:45,767 Epoch: 70	Loss: 0.7313547730445862	Top1 accuracy: 89.0625
2021-04-17 13:44:03,981 Epoch: 71	Loss: 0.7766265273094177	Top1 accuracy: 88.0859375
2021-04-17 13:59:42,299 Epoch: 72	Loss: 0.7781046032905579	Top1 accuracy: 87.3046875
2021-04-17 13:59:43,951 Model checkpoint and metadata has been saved at runs/Apr16_19-00-37_rahulahuja-U2099.
2021-04-17 14:15:31,915 Epoch: 73	Loss: 0.8802481889724731	Top1 accuracy: 89.6484375
2021-04-17 14:31:08,611 Epoch: 74	Loss: 0.642611563205719	Top1 accuracy: 88.8671875
2021-04-17 14:46:06,801 Epoch: 75	Loss: 0.6687931418418884	Top1 accuracy: 92.08984375
2021-04-17 15:01:38,215 Epoch: 76	Loss: 0.790444552898407	Top1 accuracy: 90.13671875
2021-04-17 15:17:05,434 Epoch: 77	Loss: 0.7232477068901062	Top1 accuracy: 88.37890625
2021-04-17 15:31:54,336 Epoch: 78	Loss: 0.6904933452606201	Top1 accuracy: 89.74609375
2021-04-17 15:47:13,662 Epoch: 79	Loss: 0.735004186630249	Top1 accuracy: 90.4296875
2021-04-17 16:02:30,745 Epoch: 80	Loss: 0.718917191028595	Top1 accuracy: 89.74609375
2021-04-17 16:17:48,064 Epoch: 81	Loss: 0.7448049187660217	Top1 accuracy: 87.20703125
2021-04-17 16:17:49,794 Model checkpoint and metadata has been saved at runs/Apr16_19-00-37_rahulahuja-U2099.
2021-04-17 16:32:35,055 Epoch: 82	Loss: 0.696793794631958	Top1 accuracy: 88.0859375
2021-04-17 16:47:56,926 Epoch: 83	Loss: 0.7720816135406494	Top1 accuracy: 90.33203125
2021-04-17 17:03:09,931 Epoch: 84	Loss: 0.685887336730957	Top1 accuracy: 88.8671875
2021-04-17 17:17:57,443 Epoch: 85	Loss: 0.7994509935379028	Top1 accuracy: 89.453125
2021-04-17 17:33:04,187 Epoch: 86	Loss: 0.7746272087097168	Top1 accuracy: 89.2578125
2021-04-17 17:48:15,064 Epoch: 87	Loss: 0.8047583103179932	Top1 accuracy: 89.84375
2021-04-17 18:03:43,307 Epoch: 88	Loss: 0.6946091055870056	Top1 accuracy: 91.6015625
2021-04-17 18:18:35,583 Epoch: 89	Loss: 0.6984754204750061	Top1 accuracy: 88.8671875
2021-04-17 18:33:58,937 Epoch: 90	Loss: 0.691190779209137	Top1 accuracy: 90.13671875
2021-04-17 18:34:00,518 Model checkpoint and metadata has been saved at runs/Apr16_19-00-37_rahulahuja-U2099.
2021-04-17 18:49:26,074 Epoch: 91	Loss: 0.7236894369125366	Top1 accuracy: 88.4765625
2021-04-17 19:04:53,004 Epoch: 92	Loss: 0.6820605397224426	Top1 accuracy: 90.4296875
2021-04-17 19:19:42,996 Epoch: 93	Loss: 0.6695006489753723	Top1 accuracy: 91.015625
2021-04-17 19:34:44,009 Epoch: 94	Loss: 0.6873657703399658	Top1 accuracy: 88.37890625
2021-04-17 19:49:20,916 Epoch: 95	Loss: 0.729905903339386	Top1 accuracy: 88.57421875
2021-04-17 20:04:16,706 Epoch: 96	Loss: 0.6349086761474609	Top1 accuracy: 90.13671875
2021-04-17 20:19:29,014 Epoch: 97	Loss: 0.7414156198501587	Top1 accuracy: 89.6484375
2021-04-17 20:34:34,958 Epoch: 98	Loss: 0.677941083908081	Top1 accuracy: 89.94140625
2021-04-17 20:49:13,184 Epoch: 99	Loss: 0.7404865622520447	Top1 accuracy: 89.0625
2021-04-17 20:49:14,892 Model checkpoint and metadata has been saved at runs/Apr16_19-00-37_rahulahuja-U2099.
2021-04-17 21:04:15,538 Epoch: 100	Loss: 0.5924713015556335	Top1 accuracy: 91.9921875
2021-04-17 21:18:44,242 Epoch: 101	Loss: 0.7225161194801331	Top1 accuracy: 89.94140625
2021-04-17 21:33:35,159 Epoch: 102	Loss: 0.766668975353241	Top1 accuracy: 91.6015625
2021-04-17 21:48:22,629 Epoch: 103	Loss: 0.7618362307548523	Top1 accuracy: 89.0625
2021-04-17 22:03:01,229 Epoch: 104	Loss: 0.5614200830459595	Top1 accuracy: 89.94140625
2021-04-17 22:17:57,203 Epoch: 105	Loss: 0.7816462516784668	Top1 accuracy: 90.72265625
2021-04-17 22:33:02,754 Epoch: 106	Loss: 0.5630360245704651	Top1 accuracy: 88.28125
2021-04-17 22:47:28,039 Epoch: 107	Loss: 0.631580114364624	Top1 accuracy: 88.76953125
2021-04-17 23:02:25,142 Epoch: 108	Loss: 0.6731348633766174	Top1 accuracy: 90.234375
2021-04-17 23:02:30,839 Model checkpoint and metadata has been saved at runs/Apr16_19-00-37_rahulahuja-U2099.
2021-04-17 23:17:35,957 Epoch: 109	Loss: 0.6992810368537903	Top1 accuracy: 89.84375
2021-04-17 23:32:00,037 Epoch: 110	Loss: 0.6257603168487549	Top1 accuracy: 88.4765625
2021-04-17 23:47:01,973 Epoch: 111	Loss: 0.7019338607788086	Top1 accuracy: 90.91796875
2021-04-18 00:02:04,949 Epoch: 112	Loss: 0.6546578407287598	Top1 accuracy: 88.0859375
2021-04-18 00:17:52,574 Epoch: 113	Loss: 0.6350631713867188	Top1 accuracy: 91.50390625
2021-04-18 00:33:28,835 Epoch: 114	Loss: 0.6538013815879822	Top1 accuracy: 90.4296875
2021-04-18 00:48:59,132 Epoch: 115	Loss: 0.6207560300827026	Top1 accuracy: 90.52734375
2021-04-18 01:04:16,491 Epoch: 116	Loss: 0.6197013854980469	Top1 accuracy: 91.40625
2021-04-18 01:19:00,305 Epoch: 117	Loss: 0.6277585029602051	Top1 accuracy: 90.72265625
2021-04-18 01:19:02,256 Model checkpoint and metadata has been saved at runs/Apr16_19-00-37_rahulahuja-U2099.
2021-04-18 01:34:14,172 Epoch: 118	Loss: 0.6420629620552063	Top1 accuracy: 91.30859375
2021-04-18 01:49:20,867 Epoch: 119	Loss: 0.6866605281829834	Top1 accuracy: 89.2578125
2021-04-18 02:04:11,361 Epoch: 120	Loss: 0.632265031337738	Top1 accuracy: 90.234375
2021-04-18 02:18:57,448 Epoch: 121	Loss: 0.7176328301429749	Top1 accuracy: 88.4765625
2021-04-18 02:34:01,568 Epoch: 122	Loss: 0.7014992237091064	Top1 accuracy: 89.6484375
2021-04-18 02:49:21,532 Epoch: 123	Loss: 0.6826055645942688	Top1 accuracy: 89.453125
2021-04-18 03:03:56,659 Epoch: 124	Loss: 0.6883355379104614	Top1 accuracy: 89.6484375
2021-04-18 03:19:04,690 Epoch: 125	Loss: 0.733339250087738	Top1 accuracy: 90.8203125
2021-04-18 03:34:26,374 Epoch: 126	Loss: 0.6811754703521729	Top1 accuracy: 90.234375
2021-04-18 03:34:28,025 Model checkpoint and metadata has been saved at runs/Apr16_19-00-37_rahulahuja-U2099.
2021-04-18 03:49:03,566 Epoch: 127	Loss: 0.6830246448516846	Top1 accuracy: 89.74609375
2021-04-18 04:04:12,224 Epoch: 128	Loss: 0.636496365070343	Top1 accuracy: 90.13671875
2021-04-18 04:19:22,103 Epoch: 129	Loss: 0.6594207286834717	Top1 accuracy: 91.6015625
2021-04-18 04:33:56,286 Epoch: 130	Loss: 0.5953733921051025	Top1 accuracy: 90.13671875
2021-04-18 04:48:54,593 Epoch: 131	Loss: 0.5909793376922607	Top1 accuracy: 91.6015625
2021-04-18 05:03:55,954 Epoch: 132	Loss: 0.7825515866279602	Top1 accuracy: 89.94140625
2021-04-18 05:18:34,578 Epoch: 133	Loss: 0.6484946012496948	Top1 accuracy: 90.72265625
2021-04-18 05:33:32,658 Epoch: 134	Loss: 0.6661352515220642	Top1 accuracy: 91.796875
2021-04-18 05:48:37,252 Epoch: 135	Loss: 0.6481643915176392	Top1 accuracy: 90.72265625
2021-04-18 05:48:38,893 Model checkpoint and metadata has been saved at runs/Apr16_19-00-37_rahulahuja-U2099.
2021-04-18 06:03:18,256 Epoch: 136	Loss: 0.6688544750213623	Top1 accuracy: 90.52734375
2021-04-18 06:18:20,448 Epoch: 137	Loss: 0.6531105041503906	Top1 accuracy: 91.50390625
2021-04-18 06:33:24,469 Epoch: 138	Loss: 0.6259545087814331	Top1 accuracy: 91.50390625
2021-04-18 06:48:00,928 Epoch: 139	Loss: 0.638043999671936	Top1 accuracy: 92.28515625
2021-04-18 07:02:58,854 Epoch: 140	Loss: 0.6359997391700745	Top1 accuracy: 90.625
2021-04-18 07:18:01,054 Epoch: 141	Loss: 0.6217250227928162	Top1 accuracy: 87.40234375
2021-04-18 07:33:04,885 Epoch: 142	Loss: 0.6667461395263672	Top1 accuracy: 90.91796875
2021-04-18 07:47:29,970 Epoch: 143	Loss: 0.6387655735015869	Top1 accuracy: 91.40625
2021-04-18 08:02:39,676 Epoch: 144	Loss: 0.6191977262496948	Top1 accuracy: 90.91796875
2021-04-18 08:02:42,284 Model checkpoint and metadata has been saved at runs/Apr16_19-00-37_rahulahuja-U2099.
2021-04-18 08:17:51,263 Epoch: 145	Loss: 0.5283656716346741	Top1 accuracy: 91.796875
2021-04-18 08:32:29,707 Epoch: 146	Loss: 0.6121957302093506	Top1 accuracy: 90.8203125
2021-04-18 08:47:05,010 Epoch: 147	Loss: 0.5994083285331726	Top1 accuracy: 90.52734375
2021-04-18 09:01:14,698 Epoch: 148	Loss: 0.7514593005180359	Top1 accuracy: 91.40625
2021-04-18 09:15:35,424 Epoch: 149	Loss: 0.5978795289993286	Top1 accuracy: 90.91796875
2021-04-18 09:29:59,758 Epoch: 150	Loss: 0.6762743592262268	Top1 accuracy: 87.79296875
2021-04-18 09:44:22,307 Epoch: 151	Loss: 0.6194966435432434	Top1 accuracy: 88.671875
2021-04-18 09:58:47,593 Epoch: 152	Loss: 0.6163461208343506	Top1 accuracy: 90.8203125
2021-04-18 10:13:24,705 Epoch: 153	Loss: 0.5823251605033875	Top1 accuracy: 91.796875
2021-04-18 10:13:26,965 Model checkpoint and metadata has been saved at runs/Apr16_19-00-37_rahulahuja-U2099.
2021-04-18 10:27:49,300 Epoch: 154	Loss: 0.7052255272865295	Top1 accuracy: 92.08984375
2021-04-18 10:42:14,583 Epoch: 155	Loss: 0.5735759139060974	Top1 accuracy: 89.74609375
2021-04-18 10:56:35,257 Epoch: 156	Loss: 0.6501314640045166	Top1 accuracy: 89.35546875
2021-04-18 11:10:59,542 Epoch: 157	Loss: 0.652771532535553	Top1 accuracy: 90.33203125
2021-04-18 11:25:13,159 Epoch: 158	Loss: 0.5617488026618958	Top1 accuracy: 89.0625
2021-04-18 11:39:24,491 Epoch: 159	Loss: 0.6320928335189819	Top1 accuracy: 91.50390625
2021-04-18 11:53:22,304 Epoch: 160	Loss: 0.5756343603134155	Top1 accuracy: 91.69921875
2021-04-18 12:07:41,121 Epoch: 161	Loss: 0.6016160249710083	Top1 accuracy: 91.50390625
2021-04-18 12:21:39,229 Epoch: 162	Loss: 0.673163115978241	Top1 accuracy: 89.35546875
2021-04-18 12:21:41,182 Model checkpoint and metadata has been saved at runs/Apr16_19-00-37_rahulahuja-U2099.
2021-04-18 12:35:45,575 Epoch: 163	Loss: 0.5510460734367371	Top1 accuracy: 90.234375
2021-04-18 12:49:42,165 Epoch: 164	Loss: 0.537778913974762	Top1 accuracy: 90.8203125
2021-04-18 13:04:34,428 Epoch: 165	Loss: 0.636367678642273	Top1 accuracy: 89.35546875
2021-04-18 13:19:09,668 Epoch: 166	Loss: 0.5427396893501282	Top1 accuracy: 89.94140625
2021-04-18 13:33:35,622 Epoch: 167	Loss: 0.7369132041931152	Top1 accuracy: 88.4765625
2021-04-18 13:48:10,918 Epoch: 168	Loss: 0.5419248938560486	Top1 accuracy: 91.89453125
2021-04-18 14:03:02,803 Epoch: 169	Loss: 0.5636858940124512	Top1 accuracy: 91.89453125
2021-04-18 14:18:54,795 Epoch: 170	Loss: 0.5591872334480286	Top1 accuracy: 93.359375
2021-04-18 14:34:38,805 Epoch: 171	Loss: 0.5560625195503235	Top1 accuracy: 92.578125
2021-04-18 14:34:40,288 Model checkpoint and metadata has been saved at runs/Apr16_19-00-37_rahulahuja-U2099.
2021-04-18 14:50:00,847 Epoch: 172	Loss: 0.6535126566886902	Top1 accuracy: 90.0390625
2021-04-18 15:05:29,884 Epoch: 173	Loss: 0.6121399998664856	Top1 accuracy: 90.91796875
2021-04-18 15:20:18,863 Epoch: 174	Loss: 0.5723620653152466	Top1 accuracy: 91.50390625
2021-04-18 15:35:11,017 Epoch: 175	Loss: 0.6842573285102844	Top1 accuracy: 91.50390625
2021-04-18 15:49:50,486 Epoch: 176	Loss: 0.7043579816818237	Top1 accuracy: 91.9921875
2021-04-18 16:04:32,985 Epoch: 177	Loss: 0.6167029738426208	Top1 accuracy: 90.0390625
2021-04-18 16:19:16,106 Epoch: 178	Loss: 0.5545087456703186	Top1 accuracy: 87.40234375
2021-04-18 16:33:51,080 Epoch: 179	Loss: 0.5550563335418701	Top1 accuracy: 91.11328125
2021-04-18 16:48:24,237 Epoch: 180	Loss: 0.7666566967964172	Top1 accuracy: 91.6015625
2021-04-18 16:48:27,287 Model checkpoint and metadata has been saved at runs/Apr16_19-00-37_rahulahuja-U2099.
2021-04-18 17:03:12,571 Epoch: 181	Loss: 0.5931353569030762	Top1 accuracy: 90.91796875
2021-04-18 17:17:55,114 Epoch: 182	Loss: 0.7375850677490234	Top1 accuracy: 89.6484375
2021-04-18 17:32:24,993 Epoch: 183	Loss: 0.5637245774269104	Top1 accuracy: 91.50390625
2021-04-18 17:46:54,706 Epoch: 184	Loss: 0.6143189072608948	Top1 accuracy: 91.2109375
2021-04-18 18:01:22,963 Epoch: 185	Loss: 0.5877002477645874	Top1 accuracy: 90.4296875
2021-04-18 18:16:04,239 Epoch: 186	Loss: 0.6005861163139343	Top1 accuracy: 90.33203125
2021-04-18 18:30:37,520 Epoch: 187	Loss: 0.6444994807243347	Top1 accuracy: 92.1875
2021-04-18 18:44:57,681 Epoch: 188	Loss: 0.6594955921173096	Top1 accuracy: 93.26171875
2021-04-18 18:59:27,376 Epoch: 189	Loss: 0.647125244140625	Top1 accuracy: 92.3828125
2021-04-18 18:59:28,848 Model checkpoint and metadata has been saved at runs/Apr16_19-00-37_rahulahuja-U2099.
2021-04-18 19:14:09,802 Epoch: 190	Loss: 0.609917938709259	Top1 accuracy: 92.3828125
2021-04-18 19:28:32,905 Epoch: 191	Loss: 0.5550294518470764	Top1 accuracy: 90.8203125
2021-04-18 19:42:53,770 Epoch: 192	Loss: 0.6111319661140442	Top1 accuracy: 92.08984375
2021-04-18 19:57:17,307 Epoch: 193	Loss: 0.5679284334182739	Top1 accuracy: 90.52734375
2021-04-18 20:11:41,049 Epoch: 194	Loss: 0.5790193676948547	Top1 accuracy: 92.48046875
2021-04-18 20:26:09,263 Epoch: 195	Loss: 0.5698980093002319	Top1 accuracy: 92.87109375
2021-04-18 20:40:27,140 Epoch: 196	Loss: 0.6287970542907715	Top1 accuracy: 91.015625
2021-04-18 20:54:45,048 Epoch: 197	Loss: 0.7055202126502991	Top1 accuracy: 91.2109375
2021-04-18 21:08:58,735 Epoch: 198	Loss: 0.6072194576263428	Top1 accuracy: 92.7734375
2021-04-18 21:09:01,323 Model checkpoint and metadata has been saved at runs/Apr16_19-00-37_rahulahuja-U2099.
2021-04-18 21:22:44,537 Epoch: 199	Loss: 0.6516968607902527	Top1 accuracy: 90.234375
2021-04-18 21:22:44,538 Training has finished.
2021-04-18 21:22:46,225 Model checkpoint and metadata has been saved at runs/Apr16_19-00-37_rahulahuja-U2099.
