INFO - 04/18/21 16:51:38 - 0:00:00 - ============ Initialized logger ============
INFO - 04/18/21 16:51:38 - 0:00:00 - arch: resnet50
                                     base_lr: 0.6
                                     batch_size: 32
                                     checkpoint_freq: 25
                                     crops_for_assign: [0, 1]
                                     data_path: ../dataset2/unlabeled
                                     dist_url: env://
                                     dump_checkpoints: ./checkpoints
                                     dump_path: .
                                     epoch_queue_starts: 15
                                     epochs: 400
                                     epsilon: 0.05
                                     feat_dim: 128
                                     final_lr: 0.0006
                                     freeze_prototypes_niters: 313
                                     gpu_to_work_on: 0
                                     hidden_mlp: 2048
                                     is_slurm_job: False
                                     local_rank: 0
                                     max_scale_crops: [1.0, 0.14]
                                     min_scale_crops: [0.14, 0.05]
                                     nmb_crops: [6]
                                     nmb_prototypes: 3000
                                     queue_length: 0
                                     rank: 0
                                     seed: 31
                                     sinkhorn_iterations: 3
                                     size_crops: [96]
                                     start_warmup: 0
                                     sync_bn: pytorch
                                     syncbn_process_group_size: 8
                                     temperature: 0.1
                                     use_fp16: True
                                     warmup_epochs: 0
                                     wd: 1e-06
                                     workers: 8
                                     world_size: 1
INFO - 04/18/21 16:51:38 - 0:00:00 - The experiment will be stored in .
                                     

INFO - 04/18/21 17:09:12 - 0:00:00 - ============ Initialized logger ============
INFO - 04/18/21 17:09:12 - 0:00:00 - arch: resnet50
                                     base_lr: 0.6
                                     batch_size: 32
                                     checkpoint_freq: 25
                                     crops_for_assign: [0, 1]
                                     data_path: ../dataset2/unlabeled
                                     dist_url: env://
                                     dump_checkpoints: ./checkpoints
                                     dump_path: .
                                     epoch_queue_starts: 15
                                     epochs: 400
                                     epsilon: 0.05
                                     feat_dim: 128
                                     final_lr: 0.0006
                                     freeze_prototypes_niters: 313
                                     gpu_to_work_on: 0
                                     hidden_mlp: 2048
                                     is_slurm_job: False
                                     local_rank: 0
                                     max_scale_crops: [1.0, 0.14]
                                     min_scale_crops: [0.14, 0.05]
                                     nmb_crops: [6]
                                     nmb_prototypes: 3000
                                     queue_length: 0
                                     rank: 0
                                     seed: 31
                                     sinkhorn_iterations: 3
                                     size_crops: [96]
                                     start_warmup: 0
                                     sync_bn: pytorch
                                     syncbn_process_group_size: 8
                                     temperature: 0.1
                                     use_fp16: True
                                     warmup_epochs: 0
                                     wd: 1e-06
                                     workers: 8
                                     world_size: 1
INFO - 04/18/21 17:09:12 - 0:00:00 - The experiment will be stored in .
                                     

INFO - 04/18/21 17:29:45 - 0:00:00 - ============ Initialized logger ============
INFO - 04/18/21 17:29:45 - 0:00:00 - arch: resnet50
                                     base_lr: 0.6
                                     batch_size: 32
                                     checkpoint_freq: 25
                                     crops_for_assign: [0, 1]
                                     data_path: /home/rahulahuja/nyu/NYU_DL_comp/dataset
                                     dist_url: env://
                                     dump_checkpoints: ./checkpoints
                                     dump_path: .
                                     epoch_queue_starts: 15
                                     epochs: 400
                                     epsilon: 0.05
                                     feat_dim: 128
                                     final_lr: 0.0006
                                     freeze_prototypes_niters: 313
                                     gpu_to_work_on: 0
                                     hidden_mlp: 2048
                                     is_slurm_job: False
                                     local_rank: 0
                                     max_scale_crops: [1.0, 0.14]
                                     min_scale_crops: [0.14, 0.05]
                                     nmb_crops: [6]
                                     nmb_prototypes: 3000
                                     queue_length: 0
                                     rank: 0
                                     seed: 31
                                     sinkhorn_iterations: 3
                                     size_crops: [96]
                                     start_warmup: 0
                                     sync_bn: pytorch
                                     syncbn_process_group_size: 8
                                     temperature: 0.1
                                     use_fp16: True
                                     warmup_epochs: 0
                                     wd: 1e-06
                                     workers: 8
                                     world_size: 1
INFO - 04/18/21 17:29:45 - 0:00:00 - The experiment will be stored in .
                                     

INFO - 04/18/21 17:42:03 - 0:00:00 - ============ Initialized logger ============
INFO - 04/18/21 17:42:03 - 0:00:00 - arch: resnet50
                                     base_lr: 0.6
                                     batch_size: 32
                                     checkpoint_freq: 25
                                     crops_for_assign: [0, 1]
                                     data_path: /home/rahulahuja/nyu/dl/NYU_DL_comp/dataset
                                     dist_url: env://
                                     dump_checkpoints: ./checkpoints
                                     dump_path: .
                                     epoch_queue_starts: 15
                                     epochs: 400
                                     epsilon: 0.05
                                     feat_dim: 128
                                     final_lr: 0.0006
                                     freeze_prototypes_niters: 313
                                     gpu_to_work_on: 0
                                     hidden_mlp: 2048
                                     is_slurm_job: False
                                     local_rank: 0
                                     max_scale_crops: [1.0, 0.14]
                                     min_scale_crops: [0.14, 0.05]
                                     nmb_crops: [6]
                                     nmb_prototypes: 3000
                                     queue_length: 0
                                     rank: 0
                                     seed: 31
                                     sinkhorn_iterations: 3
                                     size_crops: [96]
                                     start_warmup: 0
                                     sync_bn: pytorch
                                     syncbn_process_group_size: 8
                                     temperature: 0.1
                                     use_fp16: True
                                     warmup_epochs: 0
                                     wd: 1e-06
                                     workers: 8
                                     world_size: 1
INFO - 04/18/21 17:42:03 - 0:00:00 - The experiment will be stored in .
                                     

